Build started 19.12.2015 17:24:44.
     1>Project "C:\MatrixMul\MatrixMul\MatrixMul\MatrixMul.vcxproj" on node 2 (build target(s)).
     1>InitializeBuildStatus:
         Creating "Debug\MatrixMul.unsuccessfulbuild" because "AlwaysCreate" was specified.
       ClCompile:
         C:\Program Files (x86)\Microsoft Visual Studio 10.0\VC\bin\CL.exe /c /ZI /nologo /W3 /WX- /Od /Oy- /D _MBCS /Gm /EHsc /RTC1 /MDd /GS /fp:precise /Zc:wchar_t /Zc:forScope /Fo"Debug\\" /Fd"Debug\vc100.pdb" /Gd /TP /analyze- /errorReport:prompt main.cpp
         main.cpp
     1>c:\matrixmul\matrixmul\matrixmul\main.cpp(63): warning C4244: 'argument' : conversion from 'time_t' to 'unsigned int', possible loss of data
     1>c:\matrixmul\matrixmul\matrixmul\main.cpp(71): warning C4996: 'getch': The POSIX name for this item is deprecated. Instead, use the ISO C++ conformant name: _getch. See online help for details.
                 c:\program files (x86)\microsoft visual studio 10.0\vc\include\conio.h(128) : see declaration of 'getch'
     1>c:\matrixmul\matrixmul\matrixmul\main.cpp(59): warning C4101: 'C' : unreferenced local variable
       Link:
         C:\Program Files (x86)\Microsoft Visual Studio 10.0\VC\bin\link.exe /ERRORREPORT:PROMPT /OUT:"C:\MatrixMul\MatrixMul\Debug\MatrixMul.exe" /NOLOGO kernel32.lib user32.lib gdi32.lib winspool.lib comdlg32.lib advapi32.lib shell32.lib ole32.lib oleaut32.lib uuid.lib odbc32.lib odbccp32.lib /MANIFEST /ManifestFile:"Debug\MatrixMul.exe.intermediate.manifest" /MANIFESTUAC:"level='asInvoker' uiAccess='false'" /DEBUG /PDB:"C:\MatrixMul\MatrixMul\Debug\MatrixMul.pdb" /TLBID:1 /DYNAMICBASE /NXCOMPAT /IMPLIB:"C:\MatrixMul\MatrixMul\Debug\MatrixMul.lib" /MACHINE:X86 Debug\main.obj
         LINK : C:\MatrixMul\MatrixMul\Debug\MatrixMul.exe not found or not built by the last incremental link; performing full link
         MatrixMul.vcxproj -> C:\MatrixMul\MatrixMul\Debug\MatrixMul.exe
       Manifest:
         C:\Program Files (x86)\Microsoft SDKs\Windows\v7.0A\bin\mt.exe /nologo /verbose /outputresource:"C:\MatrixMul\MatrixMul\Debug\MatrixMul.exe;#1" /manifest Debug\MatrixMul.exe.intermediate.manifest
       FinalizeBuildStatus:
         Deleting file "Debug\MatrixMul.unsuccessfulbuild".
         Touching "Debug\MatrixMul.lastbuildstate".
     1>Done Building Project "C:\MatrixMul\MatrixMul\MatrixMul\MatrixMul.vcxproj" (build target(s)).

Build succeeded.

Time Elapsed 00:00:01.65
